<?xml version="1.0" encoding="UTF-8"?>
<!-- Generated by org.testng.reporters.JUnitXMLReporter -->
<testsuite ignored="2" hostname="TYSS-Channaveerayya" failures="0" tests="3" name="Test" time="51.136" errors="0" timestamp="2024-07-03T23:52:29 IST">
  <testcase classname="org.tyss.knolskape.testcases.UI_UX_Test" name="ui_ux_Test" time="8.833"/>
  <testcase classname="org.tyss.knolskape.testcases.CheckWhetherLinksAreBrokenTest" name="checkWhetherLinksAreBroken" time="10.753"/>
  <testcase classname="org.tyss.knolskape.testcases.CheckTheExpectedElementsArePresentInUITest" name="checkTheExpectedElementsArePresentInUI" time="19.028"/>
  <testcase classname="org.tyss.knolskape.genericutility.BaseClass" name="@BeforeSuite configBS" time="0.0">
    <ignored/>
  </testcase> <!-- @BeforeSuite configBS -->
  <testcase classname="org.tyss.knolskape.genericutility.BaseClass" name="@BeforeSuite configBS" time="0.0">
    <ignored/>
  </testcase> <!-- @BeforeSuite configBS -->
</testsuite> <!-- Test -->
