<?xml version="1.0" encoding="UTF-8"?>
<testng-results ignored="0" total="1" passed="1" failed="0" skipped="0">
  <reporter-output>
  </reporter-output>
  <suite started-at="2024-07-30T13:54:03 IST" name="Default suite" finished-at="2024-07-30T13:54:26 IST" duration-ms="23662">
    <groups>
    </groups>
    <test started-at="2024-07-30T13:54:03 IST" name="Default test" finished-at="2024-07-30T13:54:26 IST" duration-ms="23662">
      <class name="org.tyss.simulationProject.testcases.NewTest">
        <test-method is-config="true" signature="configBS()[pri:0, instance:org.tyss.simulationProject.testcases.NewTest@5c80cf32]" started-at="2024-07-30T13:54:02 IST" name="configBS" finished-at="2024-07-30T13:54:03 IST" duration-ms="503" status="PASS">
          <reporter-output>
          </reporter-output>
        </test-method> <!-- configBS -->
        <test-method is-config="true" signature="configBC()[pri:0, instance:org.tyss.simulationProject.testcases.NewTest@5c80cf32]" started-at="2024-07-30T13:54:03 IST" name="configBC" finished-at="2024-07-30T13:54:08 IST" duration-ms="4957" status="PASS">
          <reporter-output>
          </reporter-output>
        </test-method> <!-- configBC -->
        <test-method is-config="true" signature="configBM(org.testng.ITestResult)[pri:0, instance:org.tyss.simulationProject.testcases.NewTest@5c80cf32]" started-at="2024-07-30T13:54:08 IST" name="configBM" finished-at="2024-07-30T13:54:08 IST" duration-ms="313" status="PASS">
          <params>
            <param index="0">
              <value>
                <![CDATA[[TestResult name={null} status=CREATED method=NewTest.simulateTransactionsTest()[pri:0, instance:org.tyss.simulationProject.testcases.NewTest@5c80cf32] output={null}]]]>
              </value>
            </param>
          </params>
          <reporter-output>
          </reporter-output>
        </test-method> <!-- configBM -->
        <test-method signature="simulateTransactionsTest()[pri:0, instance:org.tyss.simulationProject.testcases.NewTest@5c80cf32]" started-at="2024-07-30T13:54:08 IST" name="simulateTransactionsTest" finished-at="2024-07-30T13:54:26 IST" duration-ms="17850" status="PASS">
          <reporter-output>
          </reporter-output>
        </test-method> <!-- simulateTransactionsTest -->
        <test-method is-config="true" signature="configAM(org.testng.ITestResult)[pri:0, instance:org.tyss.simulationProject.testcases.NewTest@5c80cf32]" started-at="2024-07-30T13:54:26 IST" name="configAM" finished-at="2024-07-30T13:54:26 IST" duration-ms="1" status="PASS">
          <params>
            <param index="0">
              <value>
                <![CDATA[[TestResult name=simulateTransactionsTest status=SUCCESS method=NewTest.simulateTransactionsTest()[pri:0, instance:org.tyss.simulationProject.testcases.NewTest@5c80cf32] output={null}]]]>
              </value>
            </param>
          </params>
          <reporter-output>
          </reporter-output>
        </test-method> <!-- configAM -->
        <test-method is-config="true" signature="configAC()[pri:0, instance:org.tyss.simulationProject.testcases.NewTest@5c80cf32]" started-at="2024-07-30T13:54:26 IST" name="configAC" finished-at="2024-07-30T13:54:26 IST" duration-ms="260" status="PASS">
          <reporter-output>
          </reporter-output>
        </test-method> <!-- configAC -->
        <test-method is-config="true" signature="configAS()[pri:0, instance:org.tyss.simulationProject.testcases.NewTest@5c80cf32]" started-at="2024-07-30T13:54:27 IST" name="configAS" finished-at="2024-07-30T13:54:27 IST" duration-ms="18" status="PASS">
          <reporter-output>
          </reporter-output>
        </test-method> <!-- configAS -->
      </class> <!-- org.tyss.simulationProject.testcases.NewTest -->
    </test> <!-- Default test -->
  </suite> <!-- Default suite -->
</testng-results>
